running develop
Removing /home/ayasx9/arl_workshop/turtle_proj1/install/project_nodes/lib/python3.10/site-packages/project-nodes.egg-link (link to .)
running egg_info
writing ../../build/project_nodes/project_nodes.egg-info/PKG-INFO
writing dependency_links to ../../build/project_nodes/project_nodes.egg-info/dependency_links.txt
writing entry points to ../../build/project_nodes/project_nodes.egg-info/entry_points.txt
writing requirements to ../../build/project_nodes/project_nodes.egg-info/requires.txt
writing top-level names to ../../build/project_nodes/project_nodes.egg-info/top_level.txt
reading manifest file '../../build/project_nodes/project_nodes.egg-info/SOURCES.txt'
writing manifest file '../../build/project_nodes/project_nodes.egg-info/SOURCES.txt'
running build
running build_py
creating /home/ayasx9/arl_workshop/turtle_proj1/build/project_nodes/build
creating /home/ayasx9/arl_workshop/turtle_proj1/build/project_nodes/build/lib
creating /home/ayasx9/arl_workshop/turtle_proj1/build/project_nodes/build/lib/project_nodes
copying project_nodes/turtle_commander.py -> /home/ayasx9/arl_workshop/turtle_proj1/build/project_nodes/build/lib/project_nodes
copying project_nodes/temp2.py -> /home/ayasx9/arl_workshop/turtle_proj1/build/project_nodes/build/lib/project_nodes
copying project_nodes/temp.py -> /home/ayasx9/arl_workshop/turtle_proj1/build/project_nodes/build/lib/project_nodes
copying project_nodes/__init__.py -> /home/ayasx9/arl_workshop/turtle_proj1/build/project_nodes/build/lib/project_nodes
copying project_nodes/shape_node.py -> /home/ayasx9/arl_workshop/turtle_proj1/build/project_nodes/build/lib/project_nodes
running install
running install_lib
creating /home/ayasx9/arl_workshop/turtle_proj1/install/project_nodes/lib/python3.10/site-packages/project_nodes
copying /home/ayasx9/arl_workshop/turtle_proj1/build/project_nodes/build/lib/project_nodes/turtle_commander.py -> /home/ayasx9/arl_workshop/turtle_proj1/install/project_nodes/lib/python3.10/site-packages/project_nodes
copying /home/ayasx9/arl_workshop/turtle_proj1/build/project_nodes/build/lib/project_nodes/temp2.py -> /home/ayasx9/arl_workshop/turtle_proj1/install/project_nodes/lib/python3.10/site-packages/project_nodes
copying /home/ayasx9/arl_workshop/turtle_proj1/build/project_nodes/build/lib/project_nodes/temp.py -> /home/ayasx9/arl_workshop/turtle_proj1/install/project_nodes/lib/python3.10/site-packages/project_nodes
copying /home/ayasx9/arl_workshop/turtle_proj1/build/project_nodes/build/lib/project_nodes/__init__.py -> /home/ayasx9/arl_workshop/turtle_proj1/install/project_nodes/lib/python3.10/site-packages/project_nodes
copying /home/ayasx9/arl_workshop/turtle_proj1/build/project_nodes/build/lib/project_nodes/shape_node.py -> /home/ayasx9/arl_workshop/turtle_proj1/install/project_nodes/lib/python3.10/site-packages/project_nodes
byte-compiling /home/ayasx9/arl_workshop/turtle_proj1/install/project_nodes/lib/python3.10/site-packages/project_nodes/turtle_commander.py to turtle_commander.cpython-310.pyc
byte-compiling /home/ayasx9/arl_workshop/turtle_proj1/install/project_nodes/lib/python3.10/site-packages/project_nodes/temp2.py to temp2.cpython-310.pyc
byte-compiling /home/ayasx9/arl_workshop/turtle_proj1/install/project_nodes/lib/python3.10/site-packages/project_nodes/temp.py to temp.cpython-310.pyc
byte-compiling /home/ayasx9/arl_workshop/turtle_proj1/install/project_nodes/lib/python3.10/site-packages/project_nodes/__init__.py to __init__.cpython-310.pyc
byte-compiling /home/ayasx9/arl_workshop/turtle_proj1/install/project_nodes/lib/python3.10/site-packages/project_nodes/shape_node.py to shape_node.cpython-310.pyc
running install_data
copying resource/project_nodes -> /home/ayasx9/arl_workshop/turtle_proj1/install/project_nodes/share/ament_index/resource_index/packages
copying package.xml -> /home/ayasx9/arl_workshop/turtle_proj1/install/project_nodes/share/project_nodes
running install_egg_info
Copying ../../build/project_nodes/project_nodes.egg-info to /home/ayasx9/arl_workshop/turtle_proj1/install/project_nodes/lib/python3.10/site-packages/project_nodes-0.0.0-py3.10.egg-info
running install_scripts
Installing shape_node script to /home/ayasx9/arl_workshop/turtle_proj1/install/project_nodes/lib/project_nodes
Installing turtle_commander script to /home/ayasx9/arl_workshop/turtle_proj1/install/project_nodes/lib/project_nodes
writing list of installed files to '/home/ayasx9/arl_workshop/turtle_proj1/build/project_nodes/install.log'
