[0.255s] Invoking command in '/home/ayasx9/arl_workshop/turtle_proj1/build/my_launch_pkg': AMENT_PREFIX_PATH=/home/ayasx9/arl_workshop/turtle_proj1/install/project_nodes:/home/ayasx9/arl_workshop/turtle_proj1/install/my_launch_pkg:/home/ayasx9/ros2_proj1/install/my_turtle_proj:/opt/ros/humble CMAKE_PREFIX_PATH=${CMAKE_PREFIX_PATH}:/home/ayasx9/arl_workshop/turtle_proj1/install/project_nodes:/home/ayasx9/ros2_proj1/install/my_turtle_proj:/opt/ros/humble /usr/bin/cmake /home/ayasx9/arl_workshop/turtle_proj1/src/my_launch_pkg -DAMENT_CMAKE_SYMLINK_INSTALL=1 -DCMAKE_INSTALL_PREFIX=/home/ayasx9/arl_workshop/turtle_proj1/install/my_launch_pkg
[0.262s] -- Found ament_cmake: 1.3.12 (/opt/ros/humble/share/ament_cmake/cmake)
[0.335s] -- Override CMake install command with custom implementation using symlinks instead of copying resources
[0.340s] -- Found ament_lint_auto: 0.12.14 (/opt/ros/humble/share/ament_lint_auto/cmake)
[0.383s] -- Added test 'flake8' to check Python code syntax and style conventions
[0.384s] -- Added test 'lint_cmake' to check CMake code style
[0.384s] -- Added test 'pep257' to check Python code against some of the docstring style conventions in PEP 257
[0.384s] -- Added test 'xmllint' to check XML markup files
[0.385s] -- Configuring done
[0.386s] -- Generating done
[0.387s] -- Build files have been written to: /home/ayasx9/arl_workshop/turtle_proj1/build/my_launch_pkg
[0.389s] Invoked command in '/home/ayasx9/arl_workshop/turtle_proj1/build/my_launch_pkg' returned '0': AMENT_PREFIX_PATH=/home/ayasx9/arl_workshop/turtle_proj1/install/project_nodes:/home/ayasx9/arl_workshop/turtle_proj1/install/my_launch_pkg:/home/ayasx9/ros2_proj1/install/my_turtle_proj:/opt/ros/humble CMAKE_PREFIX_PATH=${CMAKE_PREFIX_PATH}:/home/ayasx9/arl_workshop/turtle_proj1/install/project_nodes:/home/ayasx9/ros2_proj1/install/my_turtle_proj:/opt/ros/humble /usr/bin/cmake /home/ayasx9/arl_workshop/turtle_proj1/src/my_launch_pkg -DAMENT_CMAKE_SYMLINK_INSTALL=1 -DCMAKE_INSTALL_PREFIX=/home/ayasx9/arl_workshop/turtle_proj1/install/my_launch_pkg
[0.391s] Invoking command in '/home/ayasx9/arl_workshop/turtle_proj1/build/my_launch_pkg': AMENT_PREFIX_PATH=/home/ayasx9/arl_workshop/turtle_proj1/install/project_nodes:/home/ayasx9/arl_workshop/turtle_proj1/install/my_launch_pkg:/home/ayasx9/ros2_proj1/install/my_turtle_proj:/opt/ros/humble CMAKE_PREFIX_PATH=${CMAKE_PREFIX_PATH}:/home/ayasx9/arl_workshop/turtle_proj1/install/project_nodes:/home/ayasx9/ros2_proj1/install/my_turtle_proj:/opt/ros/humble /usr/bin/cmake --build /home/ayasx9/arl_workshop/turtle_proj1/build/my_launch_pkg -- -j12 -l12
[0.414s] Invoked command in '/home/ayasx9/arl_workshop/turtle_proj1/build/my_launch_pkg' returned '0': AMENT_PREFIX_PATH=/home/ayasx9/arl_workshop/turtle_proj1/install/project_nodes:/home/ayasx9/arl_workshop/turtle_proj1/install/my_launch_pkg:/home/ayasx9/ros2_proj1/install/my_turtle_proj:/opt/ros/humble CMAKE_PREFIX_PATH=${CMAKE_PREFIX_PATH}:/home/ayasx9/arl_workshop/turtle_proj1/install/project_nodes:/home/ayasx9/ros2_proj1/install/my_turtle_proj:/opt/ros/humble /usr/bin/cmake --build /home/ayasx9/arl_workshop/turtle_proj1/build/my_launch_pkg -- -j12 -l12
[0.421s] Invoking command in '/home/ayasx9/arl_workshop/turtle_proj1/build/my_launch_pkg': AMENT_PREFIX_PATH=/home/ayasx9/arl_workshop/turtle_proj1/install/project_nodes:/home/ayasx9/arl_workshop/turtle_proj1/install/my_launch_pkg:/home/ayasx9/ros2_proj1/install/my_turtle_proj:/opt/ros/humble CMAKE_PREFIX_PATH=${CMAKE_PREFIX_PATH}:/home/ayasx9/arl_workshop/turtle_proj1/install/project_nodes:/home/ayasx9/ros2_proj1/install/my_turtle_proj:/opt/ros/humble /usr/bin/cmake --install /home/ayasx9/arl_workshop/turtle_proj1/build/my_launch_pkg
[0.425s] -- Install configuration: ""
[0.425s] -- Execute custom install script
[0.426s] -- Up-to-date symlink: /home/ayasx9/arl_workshop/turtle_proj1/install/my_launch_pkg/share/my_launch_pkg//launch/launch_script.py
[0.426s] -- Up-to-date symlink: /home/ayasx9/arl_workshop/turtle_proj1/install/my_launch_pkg/share/ament_index/resource_index/package_run_dependencies/my_launch_pkg
[0.426s] -- Up-to-date symlink: /home/ayasx9/arl_workshop/turtle_proj1/install/my_launch_pkg/share/ament_index/resource_index/parent_prefix_path/my_launch_pkg
[0.426s] -- Up-to-date symlink: /home/ayasx9/arl_workshop/turtle_proj1/install/my_launch_pkg/share/my_launch_pkg/environment/ament_prefix_path.sh
[0.427s] -- Up-to-date symlink: /home/ayasx9/arl_workshop/turtle_proj1/install/my_launch_pkg/share/my_launch_pkg/environment/ament_prefix_path.dsv
[0.427s] -- Up-to-date symlink: /home/ayasx9/arl_workshop/turtle_proj1/install/my_launch_pkg/share/my_launch_pkg/environment/path.sh
[0.427s] -- Up-to-date symlink: /home/ayasx9/arl_workshop/turtle_proj1/install/my_launch_pkg/share/my_launch_pkg/environment/path.dsv
[0.427s] -- Up-to-date symlink: /home/ayasx9/arl_workshop/turtle_proj1/install/my_launch_pkg/share/my_launch_pkg/local_setup.bash
[0.427s] -- Up-to-date symlink: /home/ayasx9/arl_workshop/turtle_proj1/install/my_launch_pkg/share/my_launch_pkg/local_setup.sh
[0.427s] -- Up-to-date symlink: /home/ayasx9/arl_workshop/turtle_proj1/install/my_launch_pkg/share/my_launch_pkg/local_setup.zsh
[0.428s] -- Up-to-date symlink: /home/ayasx9/arl_workshop/turtle_proj1/install/my_launch_pkg/share/my_launch_pkg/local_setup.dsv
[0.428s] -- Symlinking: /home/ayasx9/arl_workshop/turtle_proj1/install/my_launch_pkg/share/my_launch_pkg/package.dsv
[0.432s] -- Up-to-date symlink: /home/ayasx9/arl_workshop/turtle_proj1/install/my_launch_pkg/share/ament_index/resource_index/packages/my_launch_pkg
[0.433s] -- Up-to-date symlink: /home/ayasx9/arl_workshop/turtle_proj1/install/my_launch_pkg/share/my_launch_pkg/cmake/my_launch_pkgConfig.cmake
[0.433s] -- Up-to-date symlink: /home/ayasx9/arl_workshop/turtle_proj1/install/my_launch_pkg/share/my_launch_pkg/cmake/my_launch_pkgConfig-version.cmake
[0.433s] -- Up-to-date symlink: /home/ayasx9/arl_workshop/turtle_proj1/install/my_launch_pkg/share/my_launch_pkg/package.xml
[0.434s] Invoked command in '/home/ayasx9/arl_workshop/turtle_proj1/build/my_launch_pkg' returned '0': AMENT_PREFIX_PATH=/home/ayasx9/arl_workshop/turtle_proj1/install/project_nodes:/home/ayasx9/arl_workshop/turtle_proj1/install/my_launch_pkg:/home/ayasx9/ros2_proj1/install/my_turtle_proj:/opt/ros/humble CMAKE_PREFIX_PATH=${CMAKE_PREFIX_PATH}:/home/ayasx9/arl_workshop/turtle_proj1/install/project_nodes:/home/ayasx9/ros2_proj1/install/my_turtle_proj:/opt/ros/humble /usr/bin/cmake --install /home/ayasx9/arl_workshop/turtle_proj1/build/my_launch_pkg
