[0.066s] Invoking command in '/home/ayasx9/arl_workshop/turtle_proj1/build/my_launch_pkg': AMENT_PREFIX_PATH=/home/ayasx9/arl_workshop/turtle_proj1/install/project_nodes:/home/ayasx9/arl_workshop/turtle_proj1/install/my_launch_pkg:/home/ayasx9/ros2_proj1/install/my_turtle_proj:/opt/ros/humble CMAKE_PREFIX_PATH=${CMAKE_PREFIX_PATH}:/home/ayasx9/arl_workshop/turtle_proj1/install/project_nodes:/home/ayasx9/ros2_proj1/install/my_turtle_proj:/opt/ros/humble /usr/bin/cmake --build /home/ayasx9/arl_workshop/turtle_proj1/build/my_launch_pkg -- -j12 -l12
[0.088s] Invoked command in '/home/ayasx9/arl_workshop/turtle_proj1/build/my_launch_pkg' returned '0': AMENT_PREFIX_PATH=/home/ayasx9/arl_workshop/turtle_proj1/install/project_nodes:/home/ayasx9/arl_workshop/turtle_proj1/install/my_launch_pkg:/home/ayasx9/ros2_proj1/install/my_turtle_proj:/opt/ros/humble CMAKE_PREFIX_PATH=${CMAKE_PREFIX_PATH}:/home/ayasx9/arl_workshop/turtle_proj1/install/project_nodes:/home/ayasx9/ros2_proj1/install/my_turtle_proj:/opt/ros/humble /usr/bin/cmake --build /home/ayasx9/arl_workshop/turtle_proj1/build/my_launch_pkg -- -j12 -l12
[0.093s] Invoking command in '/home/ayasx9/arl_workshop/turtle_proj1/build/my_launch_pkg': AMENT_PREFIX_PATH=/home/ayasx9/arl_workshop/turtle_proj1/install/project_nodes:/home/ayasx9/arl_workshop/turtle_proj1/install/my_launch_pkg:/home/ayasx9/ros2_proj1/install/my_turtle_proj:/opt/ros/humble CMAKE_PREFIX_PATH=${CMAKE_PREFIX_PATH}:/home/ayasx9/arl_workshop/turtle_proj1/install/project_nodes:/home/ayasx9/ros2_proj1/install/my_turtle_proj:/opt/ros/humble /usr/bin/cmake --install /home/ayasx9/arl_workshop/turtle_proj1/build/my_launch_pkg
[0.097s] -- Install configuration: ""
[0.098s] -- Execute custom install script
[0.098s] -- Up-to-date symlink: /home/ayasx9/arl_workshop/turtle_proj1/install/my_launch_pkg/share/my_launch_pkg//launch/launch_script.py
[0.099s] -- Up-to-date symlink: /home/ayasx9/arl_workshop/turtle_proj1/install/my_launch_pkg/share/ament_index/resource_index/package_run_dependencies/my_launch_pkg
[0.099s] -- Up-to-date symlink: /home/ayasx9/arl_workshop/turtle_proj1/install/my_launch_pkg/share/ament_index/resource_index/parent_prefix_path/my_launch_pkg
[0.099s] -- Up-to-date symlink: /home/ayasx9/arl_workshop/turtle_proj1/install/my_launch_pkg/share/my_launch_pkg/environment/ament_prefix_path.sh
[0.099s] -- Up-to-date symlink: /home/ayasx9/arl_workshop/turtle_proj1/install/my_launch_pkg/share/my_launch_pkg/environment/ament_prefix_path.dsv
[0.099s] -- Up-to-date symlink: /home/ayasx9/arl_workshop/turtle_proj1/install/my_launch_pkg/share/my_launch_pkg/environment/path.sh
[0.099s] -- Up-to-date symlink: /home/ayasx9/arl_workshop/turtle_proj1/install/my_launch_pkg/share/my_launch_pkg/environment/path.dsv
[0.100s] -- Up-to-date symlink: /home/ayasx9/arl_workshop/turtle_proj1/install/my_launch_pkg/share/my_launch_pkg/local_setup.bash
[0.100s] -- Up-to-date symlink: /home/ayasx9/arl_workshop/turtle_proj1/install/my_launch_pkg/share/my_launch_pkg/local_setup.sh
[0.100s] -- Up-to-date symlink: /home/ayasx9/arl_workshop/turtle_proj1/install/my_launch_pkg/share/my_launch_pkg/local_setup.zsh
[0.100s] -- Up-to-date symlink: /home/ayasx9/arl_workshop/turtle_proj1/install/my_launch_pkg/share/my_launch_pkg/local_setup.dsv
[0.101s] -- Symlinking: /home/ayasx9/arl_workshop/turtle_proj1/install/my_launch_pkg/share/my_launch_pkg/package.dsv
[0.110s] -- Up-to-date symlink: /home/ayasx9/arl_workshop/turtle_proj1/install/my_launch_pkg/share/ament_index/resource_index/packages/my_launch_pkg
[0.110s] -- Up-to-date symlink: /home/ayasx9/arl_workshop/turtle_proj1/install/my_launch_pkg/share/my_launch_pkg/cmake/my_launch_pkgConfig.cmake
[0.110s] -- Up-to-date symlink: /home/ayasx9/arl_workshop/turtle_proj1/install/my_launch_pkg/share/my_launch_pkg/cmake/my_launch_pkgConfig-version.cmake
[0.110s] -- Up-to-date symlink: /home/ayasx9/arl_workshop/turtle_proj1/install/my_launch_pkg/share/my_launch_pkg/package.xml
[0.112s] Invoked command in '/home/ayasx9/arl_workshop/turtle_proj1/build/my_launch_pkg' returned '0': AMENT_PREFIX_PATH=/home/ayasx9/arl_workshop/turtle_proj1/install/project_nodes:/home/ayasx9/arl_workshop/turtle_proj1/install/my_launch_pkg:/home/ayasx9/ros2_proj1/install/my_turtle_proj:/opt/ros/humble CMAKE_PREFIX_PATH=${CMAKE_PREFIX_PATH}:/home/ayasx9/arl_workshop/turtle_proj1/install/project_nodes:/home/ayasx9/ros2_proj1/install/my_turtle_proj:/opt/ros/humble /usr/bin/cmake --install /home/ayasx9/arl_workshop/turtle_proj1/build/my_launch_pkg
