running develop
running egg_info
creating project_nodes.egg-info
writing project_nodes.egg-info/PKG-INFO
writing dependency_links to project_nodes.egg-info/dependency_links.txt
writing entry points to project_nodes.egg-info/entry_points.txt
writing requirements to project_nodes.egg-info/requires.txt
writing top-level names to project_nodes.egg-info/top_level.txt
writing manifest file 'project_nodes.egg-info/SOURCES.txt'
reading manifest file 'project_nodes.egg-info/SOURCES.txt'
writing manifest file 'project_nodes.egg-info/SOURCES.txt'
running build_ext
Creating /home/ayasx9/arl_workshop/turtle_proj1/install/project_nodes/lib/python3.10/site-packages/project-nodes.egg-link (link to .)
Installing shape_node script to /home/ayasx9/arl_workshop/turtle_proj1/install/project_nodes/lib/project_nodes

Installed /home/ayasx9/arl_workshop/turtle_proj1/build/project_nodes
running symlink_data
creating /home/ayasx9/arl_workshop/turtle_proj1/install/project_nodes/share/ament_index
creating /home/ayasx9/arl_workshop/turtle_proj1/install/project_nodes/share/ament_index/resource_index
creating /home/ayasx9/arl_workshop/turtle_proj1/install/project_nodes/share/ament_index/resource_index/packages
symbolically linking /home/ayasx9/arl_workshop/turtle_proj1/build/project_nodes/resource/project_nodes -> /home/ayasx9/arl_workshop/turtle_proj1/install/project_nodes/share/ament_index/resource_index/packages
symbolically linking /home/ayasx9/arl_workshop/turtle_proj1/build/project_nodes/package.xml -> /home/ayasx9/arl_workshop/turtle_proj1/install/project_nodes/share/project_nodes
