[0.257s] DEBUG:colcon:Command line arguments: ['/usr/bin/colcon', 'build']
[0.257s] DEBUG:colcon:Parsed command line arguments: Namespace(log_base=None, log_level=None, verb_name='build', build_base='build', install_base='install', merge_install=False, symlink_install=False, test_result_base=None, continue_on_error=False, executor='parallel', parallel_workers=12, event_handlers=None, ignore_user_meta=False, metas=['./colcon.meta'], base_paths=['.'], packages_ignore=None, packages_ignore_regex=None, paths=None, packages_up_to=None, packages_up_to_regex=None, packages_above=None, packages_above_and_dependencies=None, packages_above_depth=None, packages_select_by_dep=None, packages_skip_by_dep=None, packages_skip_up_to=None, packages_select_build_failed=False, packages_skip_build_finished=False, packages_select_test_failures=False, packages_skip_test_passed=False, packages_select=None, packages_skip=None, packages_select_regex=None, packages_skip_regex=None, packages_start=None, packages_end=None, allow_overriding=[], cmake_args=None, cmake_target=None, cmake_target_skip_unavailable=False, cmake_clean_cache=False, cmake_clean_first=False, cmake_force_configure=False, ament_cmake_args=None, catkin_cmake_args=None, catkin_skip_building_tests=False, verb_parser=<colcon_defaults.argument_parser.defaults.DefaultArgumentsDecorator object at 0x7c37fc6e00a0>, verb_extension=<colcon_core.verb.build.BuildVerb object at 0x7c37fc6a34c0>, main=<bound method BuildVerb.main of <colcon_core.verb.build.BuildVerb object at 0x7c37fc6a34c0>>)
[0.434s] Level 1:colcon.colcon_core.package_discovery:discover_packages(colcon_meta) check parameters
[0.434s] Level 1:colcon.colcon_core.package_discovery:discover_packages(recursive) check parameters
[0.434s] Level 1:colcon.colcon_core.package_discovery:discover_packages(ignore) check parameters
[0.434s] Level 1:colcon.colcon_core.package_discovery:discover_packages(path) check parameters
[0.434s] Level 1:colcon.colcon_core.package_discovery:discover_packages(colcon_meta) discover
[0.434s] Level 1:colcon.colcon_core.package_discovery:discover_packages(recursive) discover
[0.434s] INFO:colcon.colcon_core.package_discovery:Crawling recursively for packages in '/home/ayasx9/arl_workshop/turtle_proj1'
[0.434s] Level 1:colcon.colcon_core.package_identification:_identify(.) by extensions ['ignore', 'ignore_ament_install']
[0.434s] Level 1:colcon.colcon_core.package_identification:_identify(.) by extension 'ignore'
[0.434s] Level 1:colcon.colcon_core.package_identification:_identify(.) by extension 'ignore_ament_install'
[0.434s] Level 1:colcon.colcon_core.package_identification:_identify(.) by extensions ['colcon_pkg']
[0.434s] Level 1:colcon.colcon_core.package_identification:_identify(.) by extension 'colcon_pkg'
[0.434s] Level 1:colcon.colcon_core.package_identification:_identify(.) by extensions ['colcon_meta']
[0.434s] Level 1:colcon.colcon_core.package_identification:_identify(.) by extension 'colcon_meta'
[0.434s] Level 1:colcon.colcon_core.package_identification:_identify(.) by extensions ['ros']
[0.434s] Level 1:colcon.colcon_core.package_identification:_identify(.) by extension 'ros'
[0.444s] Level 1:colcon.colcon_core.package_identification:_identify(.) by extensions ['cmake', 'python']
[0.444s] Level 1:colcon.colcon_core.package_identification:_identify(.) by extension 'cmake'
[0.444s] Level 1:colcon.colcon_core.package_identification:_identify(.) by extension 'python'
[0.444s] Level 1:colcon.colcon_core.package_identification:_identify(.) by extensions ['python_setup_py']
[0.444s] Level 1:colcon.colcon_core.package_identification:_identify(.) by extension 'python_setup_py'
[0.445s] Level 1:colcon.colcon_core.package_identification:_identify(build) by extensions ['ignore', 'ignore_ament_install']
[0.445s] Level 1:colcon.colcon_core.package_identification:_identify(build) by extension 'ignore'
[0.445s] Level 1:colcon.colcon_core.package_identification:_identify(build) ignored
[0.445s] Level 1:colcon.colcon_core.package_identification:_identify(install) by extensions ['ignore', 'ignore_ament_install']
[0.445s] Level 1:colcon.colcon_core.package_identification:_identify(install) by extension 'ignore'
[0.445s] Level 1:colcon.colcon_core.package_identification:_identify(install) ignored
[0.445s] Level 1:colcon.colcon_core.package_identification:_identify(log) by extensions ['ignore', 'ignore_ament_install']
[0.445s] Level 1:colcon.colcon_core.package_identification:_identify(log) by extension 'ignore'
[0.445s] Level 1:colcon.colcon_core.package_identification:_identify(log) ignored
[0.445s] Level 1:colcon.colcon_core.package_identification:_identify(src) by extensions ['ignore', 'ignore_ament_install']
[0.445s] Level 1:colcon.colcon_core.package_identification:_identify(src) by extension 'ignore'
[0.445s] Level 1:colcon.colcon_core.package_identification:_identify(src) by extension 'ignore_ament_install'
[0.445s] Level 1:colcon.colcon_core.package_identification:_identify(src) by extensions ['colcon_pkg']
[0.445s] Level 1:colcon.colcon_core.package_identification:_identify(src) by extension 'colcon_pkg'
[0.445s] Level 1:colcon.colcon_core.package_identification:_identify(src) by extensions ['colcon_meta']
[0.445s] Level 1:colcon.colcon_core.package_identification:_identify(src) by extension 'colcon_meta'
[0.445s] Level 1:colcon.colcon_core.package_identification:_identify(src) by extensions ['ros']
[0.445s] Level 1:colcon.colcon_core.package_identification:_identify(src) by extension 'ros'
[0.445s] Level 1:colcon.colcon_core.package_identification:_identify(src) by extensions ['cmake', 'python']
[0.445s] Level 1:colcon.colcon_core.package_identification:_identify(src) by extension 'cmake'
[0.445s] Level 1:colcon.colcon_core.package_identification:_identify(src) by extension 'python'
[0.445s] Level 1:colcon.colcon_core.package_identification:_identify(src) by extensions ['python_setup_py']
[0.445s] Level 1:colcon.colcon_core.package_identification:_identify(src) by extension 'python_setup_py'
[0.445s] Level 1:colcon.colcon_core.package_identification:_identify(src/my_launch_pkg) by extensions ['ignore', 'ignore_ament_install']
[0.445s] Level 1:colcon.colcon_core.package_identification:_identify(src/my_launch_pkg) by extension 'ignore'
[0.445s] Level 1:colcon.colcon_core.package_identification:_identify(src/my_launch_pkg) by extension 'ignore_ament_install'
[0.445s] Level 1:colcon.colcon_core.package_identification:_identify(src/my_launch_pkg) by extensions ['colcon_pkg']
[0.445s] Level 1:colcon.colcon_core.package_identification:_identify(src/my_launch_pkg) by extension 'colcon_pkg'
[0.445s] Level 1:colcon.colcon_core.package_identification:_identify(src/my_launch_pkg) by extensions ['colcon_meta']
[0.445s] Level 1:colcon.colcon_core.package_identification:_identify(src/my_launch_pkg) by extension 'colcon_meta'
[0.445s] Level 1:colcon.colcon_core.package_identification:_identify(src/my_launch_pkg) by extensions ['ros']
[0.445s] Level 1:colcon.colcon_core.package_identification:_identify(src/my_launch_pkg) by extension 'ros'
[0.448s] DEBUG:colcon.colcon_core.package_identification:Package 'src/my_launch_pkg' with type 'ros.ament_cmake' and name 'my_launch_pkg'
[0.448s] Level 1:colcon.colcon_core.package_identification:_identify(src/project_nodes) by extensions ['ignore', 'ignore_ament_install']
[0.448s] Level 1:colcon.colcon_core.package_identification:_identify(src/project_nodes) by extension 'ignore'
[0.448s] Level 1:colcon.colcon_core.package_identification:_identify(src/project_nodes) by extension 'ignore_ament_install'
[0.448s] Level 1:colcon.colcon_core.package_identification:_identify(src/project_nodes) by extensions ['colcon_pkg']
[0.448s] Level 1:colcon.colcon_core.package_identification:_identify(src/project_nodes) by extension 'colcon_pkg'
[0.449s] Level 1:colcon.colcon_core.package_identification:_identify(src/project_nodes) by extensions ['colcon_meta']
[0.449s] Level 1:colcon.colcon_core.package_identification:_identify(src/project_nodes) by extension 'colcon_meta'
[0.449s] Level 1:colcon.colcon_core.package_identification:_identify(src/project_nodes) by extensions ['ros']
[0.449s] Level 1:colcon.colcon_core.package_identification:_identify(src/project_nodes) by extension 'ros'
[0.449s] DEBUG:colcon.colcon_core.package_identification:Package 'src/project_nodes' with type 'ros.ament_python' and name 'project_nodes'
[0.450s] Level 1:colcon.colcon_core.package_discovery:discover_packages(recursive) using defaults
[0.450s] Level 1:colcon.colcon_core.package_discovery:discover_packages(ignore) discover
[0.450s] Level 1:colcon.colcon_core.package_discovery:discover_packages(ignore) using defaults
[0.450s] Level 1:colcon.colcon_core.package_discovery:discover_packages(path) discover
[0.450s] Level 1:colcon.colcon_core.package_discovery:discover_packages(path) using defaults
[0.469s] Level 1:colcon.colcon_core.package_discovery:discover_packages(prefix_path) check parameters
[0.469s] Level 1:colcon.colcon_core.package_discovery:discover_packages(prefix_path) discover
[0.472s] DEBUG:colcon.colcon_installed_package_information.package_discovery:Found 2 installed packages in /home/ayasx9/arl_workshop/turtle_proj1/install
[0.472s] DEBUG:colcon.colcon_installed_package_information.package_discovery:Found 1 installed packages in /home/ayasx9/ros2_proj1/install
[0.473s] DEBUG:colcon.colcon_installed_package_information.package_discovery:Found 271 installed packages in /opt/ros/humble
[0.474s] Level 1:colcon.colcon_core.package_discovery:discover_packages(prefix_path) using defaults
[0.522s] Level 5:colcon.colcon_core.verb:set package 'project_nodes' build argument 'cmake_args' from command line to 'None'
[0.522s] Level 5:colcon.colcon_core.verb:set package 'project_nodes' build argument 'cmake_target' from command line to 'None'
[0.522s] Level 5:colcon.colcon_core.verb:set package 'project_nodes' build argument 'cmake_target_skip_unavailable' from command line to 'False'
[0.522s] Level 5:colcon.colcon_core.verb:set package 'project_nodes' build argument 'cmake_clean_cache' from command line to 'False'
[0.522s] Level 5:colcon.colcon_core.verb:set package 'project_nodes' build argument 'cmake_clean_first' from command line to 'False'
[0.522s] Level 5:colcon.colcon_core.verb:set package 'project_nodes' build argument 'cmake_force_configure' from command line to 'False'
[0.522s] Level 5:colcon.colcon_core.verb:set package 'project_nodes' build argument 'ament_cmake_args' from command line to 'None'
[0.522s] Level 5:colcon.colcon_core.verb:set package 'project_nodes' build argument 'catkin_cmake_args' from command line to 'None'
[0.522s] Level 5:colcon.colcon_core.verb:set package 'project_nodes' build argument 'catkin_skip_building_tests' from command line to 'False'
[0.522s] DEBUG:colcon.colcon_core.verb:Building package 'project_nodes' with the following arguments: {'ament_cmake_args': None, 'build_base': '/home/ayasx9/arl_workshop/turtle_proj1/build/project_nodes', 'catkin_cmake_args': None, 'catkin_skip_building_tests': False, 'cmake_args': None, 'cmake_clean_cache': False, 'cmake_clean_first': False, 'cmake_force_configure': False, 'cmake_target': None, 'cmake_target_skip_unavailable': False, 'install_base': '/home/ayasx9/arl_workshop/turtle_proj1/install/project_nodes', 'merge_install': False, 'path': '/home/ayasx9/arl_workshop/turtle_proj1/src/project_nodes', 'symlink_install': False, 'test_result_base': None}
[0.522s] Level 5:colcon.colcon_core.verb:set package 'my_launch_pkg' build argument 'cmake_args' from command line to 'None'
[0.522s] Level 5:colcon.colcon_core.verb:set package 'my_launch_pkg' build argument 'cmake_target' from command line to 'None'
[0.522s] Level 5:colcon.colcon_core.verb:set package 'my_launch_pkg' build argument 'cmake_target_skip_unavailable' from command line to 'False'
[0.522s] Level 5:colcon.colcon_core.verb:set package 'my_launch_pkg' build argument 'cmake_clean_cache' from command line to 'False'
[0.522s] Level 5:colcon.colcon_core.verb:set package 'my_launch_pkg' build argument 'cmake_clean_first' from command line to 'False'
[0.522s] Level 5:colcon.colcon_core.verb:set package 'my_launch_pkg' build argument 'cmake_force_configure' from command line to 'False'
[0.522s] Level 5:colcon.colcon_core.verb:set package 'my_launch_pkg' build argument 'ament_cmake_args' from command line to 'None'
[0.522s] Level 5:colcon.colcon_core.verb:set package 'my_launch_pkg' build argument 'catkin_cmake_args' from command line to 'None'
[0.522s] Level 5:colcon.colcon_core.verb:set package 'my_launch_pkg' build argument 'catkin_skip_building_tests' from command line to 'False'
[0.522s] DEBUG:colcon.colcon_core.verb:Building package 'my_launch_pkg' with the following arguments: {'ament_cmake_args': None, 'build_base': '/home/ayasx9/arl_workshop/turtle_proj1/build/my_launch_pkg', 'catkin_cmake_args': None, 'catkin_skip_building_tests': False, 'cmake_args': None, 'cmake_clean_cache': False, 'cmake_clean_first': False, 'cmake_force_configure': False, 'cmake_target': None, 'cmake_target_skip_unavailable': False, 'install_base': '/home/ayasx9/arl_workshop/turtle_proj1/install/my_launch_pkg', 'merge_install': False, 'path': '/home/ayasx9/arl_workshop/turtle_proj1/src/my_launch_pkg', 'symlink_install': False, 'test_result_base': None}
[0.522s] INFO:colcon.colcon_core.executor:Executing jobs using 'parallel' executor
[0.523s] DEBUG:colcon.colcon_parallel_executor.executor.parallel:run_until_complete
[0.524s] INFO:colcon.colcon_ros.task.ament_python.build:Building ROS package in '/home/ayasx9/arl_workshop/turtle_proj1/src/project_nodes' with build type 'ament_python'
[0.524s] Level 1:colcon.colcon_core.shell:create_environment_hook('project_nodes', 'ament_prefix_path')
[0.530s] INFO:colcon.colcon_core.plugin_system:Skipping extension 'colcon_core.shell.bat': Not used on non-Windows systems
[0.530s] INFO:colcon.colcon_core.shell:Creating environment hook '/home/ayasx9/arl_workshop/turtle_proj1/install/project_nodes/share/project_nodes/hook/ament_prefix_path.ps1'
[0.531s] INFO:colcon.colcon_core.shell:Creating environment descriptor '/home/ayasx9/arl_workshop/turtle_proj1/install/project_nodes/share/project_nodes/hook/ament_prefix_path.dsv'
[0.532s] INFO:colcon.colcon_core.shell:Creating environment hook '/home/ayasx9/arl_workshop/turtle_proj1/install/project_nodes/share/project_nodes/hook/ament_prefix_path.sh'
[0.532s] INFO:colcon.colcon_core.shell:Skip shell extension 'powershell' for command environment: Not usable outside of PowerShell
[0.532s] DEBUG:colcon.colcon_core.shell:Skip shell extension 'dsv' for command environment
[0.675s] INFO:colcon.colcon_core.task.python.build:Building Python package in '/home/ayasx9/arl_workshop/turtle_proj1/src/project_nodes'
[0.676s] INFO:colcon.colcon_core.shell:Skip shell extension 'powershell' for command environment: Not usable outside of PowerShell
[0.676s] DEBUG:colcon.colcon_core.shell:Skip shell extension 'dsv' for command environment
[0.989s] DEBUG:colcon.colcon_core.event_handler.log_command:Invoking command in '/home/ayasx9/arl_workshop/turtle_proj1/build/project_nodes': PYTHONPATH=/home/ayasx9/arl_workshop/turtle_proj1/build/project_nodes/prefix_override:/usr/lib/python3/dist-packages/colcon_core/task/python/colcon_distutils_commands:/home/ayasx9/arl_workshop/turtle_proj1/install/project_nodes/lib/python3.10/site-packages:${PYTHONPATH} /usr/bin/python3 -W ignore:setup.py install is deprecated -W ignore:easy_install command is deprecated setup.py develop --uninstall --editable --build-directory /home/ayasx9/arl_workshop/turtle_proj1/build/project_nodes/build
[1.213s] DEBUG:colcon.colcon_core.event_handler.log_command:Invoked command in '/home/ayasx9/arl_workshop/turtle_proj1/build/project_nodes' returned '0': PYTHONPATH=/home/ayasx9/arl_workshop/turtle_proj1/build/project_nodes/prefix_override:/usr/lib/python3/dist-packages/colcon_core/task/python/colcon_distutils_commands:/home/ayasx9/arl_workshop/turtle_proj1/install/project_nodes/lib/python3.10/site-packages:${PYTHONPATH} /usr/bin/python3 -W ignore:setup.py install is deprecated -W ignore:easy_install command is deprecated setup.py develop --uninstall --editable --build-directory /home/ayasx9/arl_workshop/turtle_proj1/build/project_nodes/build
[1.213s] DEBUG:colcon.colcon_core.event_handler.log_command:Invoking command in '/home/ayasx9/arl_workshop/turtle_proj1/src/project_nodes': PYTHONPATH=/home/ayasx9/arl_workshop/turtle_proj1/build/project_nodes/prefix_override:/usr/lib/python3/dist-packages/colcon_core/task/python/colcon_distutils_commands:/home/ayasx9/arl_workshop/turtle_proj1/install/project_nodes/lib/python3.10/site-packages:${PYTHONPATH} /usr/bin/python3 -W ignore:setup.py install is deprecated -W ignore:easy_install command is deprecated setup.py egg_info --egg-base ../../build/project_nodes build --build-base /home/ayasx9/arl_workshop/turtle_proj1/build/project_nodes/build install --record /home/ayasx9/arl_workshop/turtle_proj1/build/project_nodes/install.log --single-version-externally-managed install_data --force
[1.385s] DEBUG:colcon.colcon_core.event_handler.log_command:Invoked command in '/home/ayasx9/arl_workshop/turtle_proj1/src/project_nodes' returned '0': PYTHONPATH=/home/ayasx9/arl_workshop/turtle_proj1/build/project_nodes/prefix_override:/usr/lib/python3/dist-packages/colcon_core/task/python/colcon_distutils_commands:/home/ayasx9/arl_workshop/turtle_proj1/install/project_nodes/lib/python3.10/site-packages:${PYTHONPATH} /usr/bin/python3 -W ignore:setup.py install is deprecated -W ignore:easy_install command is deprecated setup.py egg_info --egg-base ../../build/project_nodes build --build-base /home/ayasx9/arl_workshop/turtle_proj1/build/project_nodes/build install --record /home/ayasx9/arl_workshop/turtle_proj1/build/project_nodes/install.log --single-version-externally-managed install_data --force
[1.389s] Level 1:colcon.colcon_core.environment:checking '/home/ayasx9/arl_workshop/turtle_proj1/install/project_nodes' for CMake module files
[1.389s] Level 1:colcon.colcon_core.environment:checking '/home/ayasx9/arl_workshop/turtle_proj1/install/project_nodes' for CMake config files
[1.389s] Level 1:colcon.colcon_core.environment:checking '/home/ayasx9/arl_workshop/turtle_proj1/install/project_nodes/lib'
[1.389s] Level 1:colcon.colcon_core.environment:checking '/home/ayasx9/arl_workshop/turtle_proj1/install/project_nodes/bin'
[1.389s] Level 1:colcon.colcon_core.environment:checking '/home/ayasx9/arl_workshop/turtle_proj1/install/project_nodes/lib/pkgconfig/project_nodes.pc'
[1.390s] Level 1:colcon.colcon_core.environment:checking '/home/ayasx9/arl_workshop/turtle_proj1/install/project_nodes/lib/python3.10/site-packages'
[1.390s] Level 1:colcon.colcon_core.shell:create_environment_hook('project_nodes', 'pythonpath')
[1.390s] INFO:colcon.colcon_core.shell:Creating environment hook '/home/ayasx9/arl_workshop/turtle_proj1/install/project_nodes/share/project_nodes/hook/pythonpath.ps1'
[1.390s] INFO:colcon.colcon_core.shell:Creating environment descriptor '/home/ayasx9/arl_workshop/turtle_proj1/install/project_nodes/share/project_nodes/hook/pythonpath.dsv'
[1.390s] INFO:colcon.colcon_core.shell:Creating environment hook '/home/ayasx9/arl_workshop/turtle_proj1/install/project_nodes/share/project_nodes/hook/pythonpath.sh'
[1.391s] Level 1:colcon.colcon_core.environment:checking '/home/ayasx9/arl_workshop/turtle_proj1/install/project_nodes/bin'
[1.391s] Level 1:colcon.colcon_core.environment:create_environment_scripts_only(project_nodes)
[1.391s] INFO:colcon.colcon_core.shell:Creating package script '/home/ayasx9/arl_workshop/turtle_proj1/install/project_nodes/share/project_nodes/package.ps1'
[1.392s] INFO:colcon.colcon_core.shell:Creating package descriptor '/home/ayasx9/arl_workshop/turtle_proj1/install/project_nodes/share/project_nodes/package.dsv'
[1.392s] INFO:colcon.colcon_core.shell:Creating package script '/home/ayasx9/arl_workshop/turtle_proj1/install/project_nodes/share/project_nodes/package.sh'
[1.393s] INFO:colcon.colcon_core.shell:Creating package script '/home/ayasx9/arl_workshop/turtle_proj1/install/project_nodes/share/project_nodes/package.bash'
[1.393s] INFO:colcon.colcon_core.shell:Creating package script '/home/ayasx9/arl_workshop/turtle_proj1/install/project_nodes/share/project_nodes/package.zsh'
[1.394s] Level 1:colcon.colcon_core.environment:create_file_with_runtime_dependencies(/home/ayasx9/arl_workshop/turtle_proj1/install/project_nodes/share/colcon-core/packages/project_nodes)
[1.394s] INFO:colcon.colcon_ros.task.ament_cmake.build:Building ROS package in '/home/ayasx9/arl_workshop/turtle_proj1/src/my_launch_pkg' with build type 'ament_cmake'
[1.394s] INFO:colcon.colcon_cmake.task.cmake.build:Building CMake package in '/home/ayasx9/arl_workshop/turtle_proj1/src/my_launch_pkg'
[1.395s] INFO:colcon.colcon_core.shell:Skip shell extension 'powershell' for command environment: Not usable outside of PowerShell
[1.395s] DEBUG:colcon.colcon_core.shell:Skip shell extension 'dsv' for command environment
[1.586s] DEBUG:colcon.colcon_core.event_handler.log_command:Invoking command in '/home/ayasx9/arl_workshop/turtle_proj1/build/my_launch_pkg': AMENT_PREFIX_PATH=/home/ayasx9/arl_workshop/turtle_proj1/install/project_nodes:/home/ayasx9/arl_workshop/turtle_proj1/install/my_launch_pkg:/home/ayasx9/ros2_proj1/install/my_turtle_proj:/opt/ros/humble CMAKE_PREFIX_PATH=${CMAKE_PREFIX_PATH}:/home/ayasx9/arl_workshop/turtle_proj1/install/project_nodes:/home/ayasx9/ros2_proj1/install/my_turtle_proj:/opt/ros/humble PYTHONPATH=/home/ayasx9/arl_workshop/turtle_proj1/install/project_nodes/lib/python3.10/site-packages:/home/ayasx9/arl_workshop/turtle_proj1/build/project_nodes:/home/ayasx9/ros2_proj1/build/my_turtle_proj:/home/ayasx9/ros2_proj1/install/my_turtle_proj/lib/python3.10/site-packages:/opt/ros/humble/lib/python3.10/site-packages:/opt/ros/humble/local/lib/python3.10/dist-packages /usr/bin/cmake /home/ayasx9/arl_workshop/turtle_proj1/src/my_launch_pkg -DCMAKE_INSTALL_PREFIX=/home/ayasx9/arl_workshop/turtle_proj1/install/my_launch_pkg
[1.784s] DEBUG:colcon.colcon_core.event_handler.log_command:Invoked command in '/home/ayasx9/arl_workshop/turtle_proj1/build/my_launch_pkg' returned '0': AMENT_PREFIX_PATH=/home/ayasx9/arl_workshop/turtle_proj1/install/project_nodes:/home/ayasx9/arl_workshop/turtle_proj1/install/my_launch_pkg:/home/ayasx9/ros2_proj1/install/my_turtle_proj:/opt/ros/humble CMAKE_PREFIX_PATH=${CMAKE_PREFIX_PATH}:/home/ayasx9/arl_workshop/turtle_proj1/install/project_nodes:/home/ayasx9/ros2_proj1/install/my_turtle_proj:/opt/ros/humble PYTHONPATH=/home/ayasx9/arl_workshop/turtle_proj1/install/project_nodes/lib/python3.10/site-packages:/home/ayasx9/arl_workshop/turtle_proj1/build/project_nodes:/home/ayasx9/ros2_proj1/build/my_turtle_proj:/home/ayasx9/ros2_proj1/install/my_turtle_proj/lib/python3.10/site-packages:/opt/ros/humble/lib/python3.10/site-packages:/opt/ros/humble/local/lib/python3.10/dist-packages /usr/bin/cmake /home/ayasx9/arl_workshop/turtle_proj1/src/my_launch_pkg -DCMAKE_INSTALL_PREFIX=/home/ayasx9/arl_workshop/turtle_proj1/install/my_launch_pkg
[1.786s] DEBUG:colcon.colcon_core.event_handler.log_command:Invoking command in '/home/ayasx9/arl_workshop/turtle_proj1/build/my_launch_pkg': AMENT_PREFIX_PATH=/home/ayasx9/arl_workshop/turtle_proj1/install/project_nodes:/home/ayasx9/arl_workshop/turtle_proj1/install/my_launch_pkg:/home/ayasx9/ros2_proj1/install/my_turtle_proj:/opt/ros/humble CMAKE_PREFIX_PATH=${CMAKE_PREFIX_PATH}:/home/ayasx9/arl_workshop/turtle_proj1/install/project_nodes:/home/ayasx9/ros2_proj1/install/my_turtle_proj:/opt/ros/humble PYTHONPATH=/home/ayasx9/arl_workshop/turtle_proj1/install/project_nodes/lib/python3.10/site-packages:/home/ayasx9/arl_workshop/turtle_proj1/build/project_nodes:/home/ayasx9/ros2_proj1/build/my_turtle_proj:/home/ayasx9/ros2_proj1/install/my_turtle_proj/lib/python3.10/site-packages:/opt/ros/humble/lib/python3.10/site-packages:/opt/ros/humble/local/lib/python3.10/dist-packages /usr/bin/cmake --build /home/ayasx9/arl_workshop/turtle_proj1/build/my_launch_pkg -- -j12 -l12
[1.811s] DEBUG:colcon.colcon_core.event_handler.log_command:Invoked command in '/home/ayasx9/arl_workshop/turtle_proj1/build/my_launch_pkg' returned '0': AMENT_PREFIX_PATH=/home/ayasx9/arl_workshop/turtle_proj1/install/project_nodes:/home/ayasx9/arl_workshop/turtle_proj1/install/my_launch_pkg:/home/ayasx9/ros2_proj1/install/my_turtle_proj:/opt/ros/humble CMAKE_PREFIX_PATH=${CMAKE_PREFIX_PATH}:/home/ayasx9/arl_workshop/turtle_proj1/install/project_nodes:/home/ayasx9/ros2_proj1/install/my_turtle_proj:/opt/ros/humble PYTHONPATH=/home/ayasx9/arl_workshop/turtle_proj1/install/project_nodes/lib/python3.10/site-packages:/home/ayasx9/arl_workshop/turtle_proj1/build/project_nodes:/home/ayasx9/ros2_proj1/build/my_turtle_proj:/home/ayasx9/ros2_proj1/install/my_turtle_proj/lib/python3.10/site-packages:/opt/ros/humble/lib/python3.10/site-packages:/opt/ros/humble/local/lib/python3.10/dist-packages /usr/bin/cmake --build /home/ayasx9/arl_workshop/turtle_proj1/build/my_launch_pkg -- -j12 -l12
[1.819s] DEBUG:colcon.colcon_core.event_handler.log_command:Invoking command in '/home/ayasx9/arl_workshop/turtle_proj1/build/my_launch_pkg': AMENT_PREFIX_PATH=/home/ayasx9/arl_workshop/turtle_proj1/install/project_nodes:/home/ayasx9/arl_workshop/turtle_proj1/install/my_launch_pkg:/home/ayasx9/ros2_proj1/install/my_turtle_proj:/opt/ros/humble CMAKE_PREFIX_PATH=${CMAKE_PREFIX_PATH}:/home/ayasx9/arl_workshop/turtle_proj1/install/project_nodes:/home/ayasx9/ros2_proj1/install/my_turtle_proj:/opt/ros/humble PYTHONPATH=/home/ayasx9/arl_workshop/turtle_proj1/install/project_nodes/lib/python3.10/site-packages:/home/ayasx9/arl_workshop/turtle_proj1/build/project_nodes:/home/ayasx9/ros2_proj1/build/my_turtle_proj:/home/ayasx9/ros2_proj1/install/my_turtle_proj/lib/python3.10/site-packages:/opt/ros/humble/lib/python3.10/site-packages:/opt/ros/humble/local/lib/python3.10/dist-packages /usr/bin/cmake --install /home/ayasx9/arl_workshop/turtle_proj1/build/my_launch_pkg
[1.836s] Level 1:colcon.colcon_core.environment:create_environment_scripts_only(my_launch_pkg)
[1.837s] Level 1:colcon.colcon_core.environment:checking '/home/ayasx9/arl_workshop/turtle_proj1/install/my_launch_pkg' for CMake module files
[1.837s] DEBUG:colcon.colcon_core.event_handler.log_command:Invoked command in '/home/ayasx9/arl_workshop/turtle_proj1/build/my_launch_pkg' returned '0': AMENT_PREFIX_PATH=/home/ayasx9/arl_workshop/turtle_proj1/install/project_nodes:/home/ayasx9/arl_workshop/turtle_proj1/install/my_launch_pkg:/home/ayasx9/ros2_proj1/install/my_turtle_proj:/opt/ros/humble CMAKE_PREFIX_PATH=${CMAKE_PREFIX_PATH}:/home/ayasx9/arl_workshop/turtle_proj1/install/project_nodes:/home/ayasx9/ros2_proj1/install/my_turtle_proj:/opt/ros/humble PYTHONPATH=/home/ayasx9/arl_workshop/turtle_proj1/install/project_nodes/lib/python3.10/site-packages:/home/ayasx9/arl_workshop/turtle_proj1/build/project_nodes:/home/ayasx9/ros2_proj1/build/my_turtle_proj:/home/ayasx9/ros2_proj1/install/my_turtle_proj/lib/python3.10/site-packages:/opt/ros/humble/lib/python3.10/site-packages:/opt/ros/humble/local/lib/python3.10/dist-packages /usr/bin/cmake --install /home/ayasx9/arl_workshop/turtle_proj1/build/my_launch_pkg
[1.837s] Level 1:colcon.colcon_core.environment:checking '/home/ayasx9/arl_workshop/turtle_proj1/install/my_launch_pkg' for CMake config files
[1.837s] Level 1:colcon.colcon_core.shell:create_environment_hook('my_launch_pkg', 'cmake_prefix_path')
[1.837s] INFO:colcon.colcon_core.shell:Creating environment hook '/home/ayasx9/arl_workshop/turtle_proj1/install/my_launch_pkg/share/my_launch_pkg/hook/cmake_prefix_path.ps1'
[1.838s] INFO:colcon.colcon_core.shell:Creating environment descriptor '/home/ayasx9/arl_workshop/turtle_proj1/install/my_launch_pkg/share/my_launch_pkg/hook/cmake_prefix_path.dsv'
[1.838s] INFO:colcon.colcon_core.shell:Creating environment hook '/home/ayasx9/arl_workshop/turtle_proj1/install/my_launch_pkg/share/my_launch_pkg/hook/cmake_prefix_path.sh'
[1.838s] Level 1:colcon.colcon_core.environment:checking '/home/ayasx9/arl_workshop/turtle_proj1/install/my_launch_pkg/bin'
[1.838s] Level 1:colcon.colcon_core.environment:checking '/home/ayasx9/arl_workshop/turtle_proj1/install/my_launch_pkg/lib/pkgconfig/my_launch_pkg.pc'
[1.839s] Level 1:colcon.colcon_core.environment:checking '/home/ayasx9/arl_workshop/turtle_proj1/install/my_launch_pkg/lib/python3.10/site-packages'
[1.839s] Level 1:colcon.colcon_core.environment:checking '/home/ayasx9/arl_workshop/turtle_proj1/install/my_launch_pkg/bin'
[1.839s] INFO:colcon.colcon_core.shell:Creating package script '/home/ayasx9/arl_workshop/turtle_proj1/install/my_launch_pkg/share/my_launch_pkg/package.ps1'
[1.839s] INFO:colcon.colcon_core.shell:Creating package descriptor '/home/ayasx9/arl_workshop/turtle_proj1/install/my_launch_pkg/share/my_launch_pkg/package.dsv'
[1.839s] INFO:colcon.colcon_core.shell:Creating package script '/home/ayasx9/arl_workshop/turtle_proj1/install/my_launch_pkg/share/my_launch_pkg/package.sh'
[1.839s] INFO:colcon.colcon_core.shell:Creating package script '/home/ayasx9/arl_workshop/turtle_proj1/install/my_launch_pkg/share/my_launch_pkg/package.bash'
[1.840s] INFO:colcon.colcon_core.shell:Creating package script '/home/ayasx9/arl_workshop/turtle_proj1/install/my_launch_pkg/share/my_launch_pkg/package.zsh'
[1.840s] Level 1:colcon.colcon_core.environment:create_file_with_runtime_dependencies(/home/ayasx9/arl_workshop/turtle_proj1/install/my_launch_pkg/share/colcon-core/packages/my_launch_pkg)
[1.840s] Level 1:colcon.colcon_core.environment:create_environment_scripts_only(my_launch_pkg)
[1.840s] Level 1:colcon.colcon_core.environment:checking '/home/ayasx9/arl_workshop/turtle_proj1/install/my_launch_pkg' for CMake module files
[1.840s] Level 1:colcon.colcon_core.environment:checking '/home/ayasx9/arl_workshop/turtle_proj1/install/my_launch_pkg' for CMake config files
[1.840s] Level 1:colcon.colcon_core.shell:create_environment_hook('my_launch_pkg', 'cmake_prefix_path')
[1.841s] INFO:colcon.colcon_core.shell:Creating environment hook '/home/ayasx9/arl_workshop/turtle_proj1/install/my_launch_pkg/share/my_launch_pkg/hook/cmake_prefix_path.ps1'
[1.841s] INFO:colcon.colcon_core.shell:Creating environment descriptor '/home/ayasx9/arl_workshop/turtle_proj1/install/my_launch_pkg/share/my_launch_pkg/hook/cmake_prefix_path.dsv'
[1.841s] INFO:colcon.colcon_core.shell:Creating environment hook '/home/ayasx9/arl_workshop/turtle_proj1/install/my_launch_pkg/share/my_launch_pkg/hook/cmake_prefix_path.sh'
[1.841s] Level 1:colcon.colcon_core.environment:checking '/home/ayasx9/arl_workshop/turtle_proj1/install/my_launch_pkg/bin'
[1.841s] Level 1:colcon.colcon_core.environment:checking '/home/ayasx9/arl_workshop/turtle_proj1/install/my_launch_pkg/lib/pkgconfig/my_launch_pkg.pc'
[1.841s] Level 1:colcon.colcon_core.environment:checking '/home/ayasx9/arl_workshop/turtle_proj1/install/my_launch_pkg/lib/python3.10/site-packages'
[1.841s] Level 1:colcon.colcon_core.environment:checking '/home/ayasx9/arl_workshop/turtle_proj1/install/my_launch_pkg/bin'
[1.842s] INFO:colcon.colcon_core.shell:Creating package script '/home/ayasx9/arl_workshop/turtle_proj1/install/my_launch_pkg/share/my_launch_pkg/package.ps1'
[1.842s] INFO:colcon.colcon_core.shell:Creating package descriptor '/home/ayasx9/arl_workshop/turtle_proj1/install/my_launch_pkg/share/my_launch_pkg/package.dsv'
[1.842s] INFO:colcon.colcon_core.shell:Creating package script '/home/ayasx9/arl_workshop/turtle_proj1/install/my_launch_pkg/share/my_launch_pkg/package.sh'
[1.842s] INFO:colcon.colcon_core.shell:Creating package script '/home/ayasx9/arl_workshop/turtle_proj1/install/my_launch_pkg/share/my_launch_pkg/package.bash'
[1.843s] INFO:colcon.colcon_core.shell:Creating package script '/home/ayasx9/arl_workshop/turtle_proj1/install/my_launch_pkg/share/my_launch_pkg/package.zsh'
[1.843s] Level 1:colcon.colcon_core.environment:create_file_with_runtime_dependencies(/home/ayasx9/arl_workshop/turtle_proj1/install/my_launch_pkg/share/colcon-core/packages/my_launch_pkg)
[1.843s] DEBUG:colcon.colcon_parallel_executor.executor.parallel:closing loop
[1.843s] DEBUG:colcon.colcon_parallel_executor.executor.parallel:loop closed
[1.844s] DEBUG:colcon.colcon_parallel_executor.executor.parallel:run_until_complete finished with '0'
[1.844s] DEBUG:colcon.colcon_core.event_reactor:joining thread
[1.960s] INFO:colcon.colcon_core.plugin_system:Skipping extension 'colcon_notification.desktop_notification.notify_send': Could not find 'notify-send'
[1.961s] INFO:colcon.colcon_core.plugin_system:Skipping extension 'colcon_notification.desktop_notification.terminal_notifier': Not used on non-Darwin systems
[1.961s] INFO:colcon.colcon_core.plugin_system:Skipping extension 'colcon_notification.desktop_notification.win32': Not used on non-Windows systems
[1.961s] INFO:colcon.colcon_notification.desktop_notification:Sending desktop notification using 'notify2'
[1.962s] DEBUG:colcon.colcon_notification.desktop_notification.notify2:Failed to initialize notify2: org.freedesktop.DBus.Error.ServiceUnknown: The name org.freedesktop.Notifications was not provided by any .service files
[1.962s] DEBUG:colcon.colcon_core.event_reactor:joined thread
[1.962s] INFO:colcon.colcon_core.shell:Creating prefix script '/home/ayasx9/arl_workshop/turtle_proj1/install/local_setup.ps1'
[1.963s] INFO:colcon.colcon_core.shell:Creating prefix util module '/home/ayasx9/arl_workshop/turtle_proj1/install/_local_setup_util_ps1.py'
[1.964s] INFO:colcon.colcon_core.shell:Creating prefix chain script '/home/ayasx9/arl_workshop/turtle_proj1/install/setup.ps1'
[1.965s] INFO:colcon.colcon_core.shell:Creating prefix script '/home/ayasx9/arl_workshop/turtle_proj1/install/local_setup.sh'
[1.966s] INFO:colcon.colcon_core.shell:Creating prefix util module '/home/ayasx9/arl_workshop/turtle_proj1/install/_local_setup_util_sh.py'
[1.966s] INFO:colcon.colcon_core.shell:Creating prefix chain script '/home/ayasx9/arl_workshop/turtle_proj1/install/setup.sh'
[1.967s] INFO:colcon.colcon_core.shell:Creating prefix script '/home/ayasx9/arl_workshop/turtle_proj1/install/local_setup.bash'
[1.967s] INFO:colcon.colcon_core.shell:Creating prefix chain script '/home/ayasx9/arl_workshop/turtle_proj1/install/setup.bash'
[1.968s] INFO:colcon.colcon_core.shell:Creating prefix script '/home/ayasx9/arl_workshop/turtle_proj1/install/local_setup.zsh'
[1.968s] INFO:colcon.colcon_core.shell:Creating prefix chain script '/home/ayasx9/arl_workshop/turtle_proj1/install/setup.zsh'
