running egg_info
writing ../../build/project_nodes/project_nodes.egg-info/PKG-INFO
writing dependency_links to ../../build/project_nodes/project_nodes.egg-info/dependency_links.txt
writing entry points to ../../build/project_nodes/project_nodes.egg-info/entry_points.txt
writing requirements to ../../build/project_nodes/project_nodes.egg-info/requires.txt
writing top-level names to ../../build/project_nodes/project_nodes.egg-info/top_level.txt
reading manifest file '../../build/project_nodes/project_nodes.egg-info/SOURCES.txt'
writing manifest file '../../build/project_nodes/project_nodes.egg-info/SOURCES.txt'
running build
running build_py
copying project_nodes/turtle_commander.py -> /home/ayasx9/arl_workshop/turtle_proj1/build/project_nodes/build/lib/project_nodes
running install
running install_lib
copying /home/ayasx9/arl_workshop/turtle_proj1/build/project_nodes/build/lib/project_nodes/turtle_commander.py -> /home/ayasx9/arl_workshop/turtle_proj1/install/project_nodes/lib/python3.10/site-packages/project_nodes
byte-compiling /home/ayasx9/arl_workshop/turtle_proj1/install/project_nodes/lib/python3.10/site-packages/project_nodes/turtle_commander.py to turtle_commander.cpython-310.pyc
running install_data
running install_egg_info
removing '/home/ayasx9/arl_workshop/turtle_proj1/install/project_nodes/lib/python3.10/site-packages/project_nodes-0.0.0-py3.10.egg-info' (and everything under it)
Copying ../../build/project_nodes/project_nodes.egg-info to /home/ayasx9/arl_workshop/turtle_proj1/install/project_nodes/lib/python3.10/site-packages/project_nodes-0.0.0-py3.10.egg-info
running install_scripts
Installing shape_node script to /home/ayasx9/arl_workshop/turtle_proj1/install/project_nodes/lib/project_nodes
Installing turtle_commander script to /home/ayasx9/arl_workshop/turtle_proj1/install/project_nodes/lib/project_nodes
writing list of installed files to '/home/ayasx9/arl_workshop/turtle_proj1/build/project_nodes/install.log'
