[0.121s] Invoking command in '/home/ayasx9/arl_workshop/turtle_proj1/build/my_launch_pkg': AMENT_PREFIX_PATH=/home/ayasx9/arl_workshop/turtle_proj1/install/project_nodes:/home/ayasx9/arl_workshop/turtle_proj1/install/my_launch_pkg:/home/ayasx9/ros2_proj1/install/my_turtle_proj:/opt/ros/humble CMAKE_PREFIX_PATH=${CMAKE_PREFIX_PATH}:/home/ayasx9/arl_workshop/turtle_proj1/install/project_nodes:/home/ayasx9/ros2_proj1/install/my_turtle_proj:/opt/ros/humble PYTHONPATH=/home/ayasx9/arl_workshop/turtle_proj1/build/project_nodes:${PYTHONPATH} /usr/bin/cmake /home/ayasx9/arl_workshop/turtle_proj1/src/my_launch_pkg -DAMENT_CMAKE_SYMLINK_INSTALL=1 -DCMAKE_INSTALL_PREFIX=/home/ayasx9/arl_workshop/turtle_proj1/install/my_launch_pkg
[0.147s] -- Found ament_cmake: 1.3.12 (/opt/ros/humble/share/ament_cmake/cmake)
[0.264s] -- Override CMake install command with custom implementation using symlinks instead of copying resources
[0.285s] -- Found ament_lint_auto: 0.12.14 (/opt/ros/humble/share/ament_lint_auto/cmake)
[0.349s] -- Added test 'flake8' to check Python code syntax and style conventions
[0.350s] -- Added test 'lint_cmake' to check CMake code style
[0.351s] -- Added test 'pep257' to check Python code against some of the docstring style conventions in PEP 257
[0.352s] -- Added test 'xmllint' to check XML markup files
[0.354s] -- Configuring done
[0.359s] -- Generating done
[0.361s] -- Build files have been written to: /home/ayasx9/arl_workshop/turtle_proj1/build/my_launch_pkg
[0.365s] Invoked command in '/home/ayasx9/arl_workshop/turtle_proj1/build/my_launch_pkg' returned '0': AMENT_PREFIX_PATH=/home/ayasx9/arl_workshop/turtle_proj1/install/project_nodes:/home/ayasx9/arl_workshop/turtle_proj1/install/my_launch_pkg:/home/ayasx9/ros2_proj1/install/my_turtle_proj:/opt/ros/humble CMAKE_PREFIX_PATH=${CMAKE_PREFIX_PATH}:/home/ayasx9/arl_workshop/turtle_proj1/install/project_nodes:/home/ayasx9/ros2_proj1/install/my_turtle_proj:/opt/ros/humble PYTHONPATH=/home/ayasx9/arl_workshop/turtle_proj1/build/project_nodes:${PYTHONPATH} /usr/bin/cmake /home/ayasx9/arl_workshop/turtle_proj1/src/my_launch_pkg -DAMENT_CMAKE_SYMLINK_INSTALL=1 -DCMAKE_INSTALL_PREFIX=/home/ayasx9/arl_workshop/turtle_proj1/install/my_launch_pkg
[0.366s] Invoking command in '/home/ayasx9/arl_workshop/turtle_proj1/build/my_launch_pkg': AMENT_PREFIX_PATH=/home/ayasx9/arl_workshop/turtle_proj1/install/project_nodes:/home/ayasx9/arl_workshop/turtle_proj1/install/my_launch_pkg:/home/ayasx9/ros2_proj1/install/my_turtle_proj:/opt/ros/humble CMAKE_PREFIX_PATH=${CMAKE_PREFIX_PATH}:/home/ayasx9/arl_workshop/turtle_proj1/install/project_nodes:/home/ayasx9/ros2_proj1/install/my_turtle_proj:/opt/ros/humble PYTHONPATH=/home/ayasx9/arl_workshop/turtle_proj1/build/project_nodes:${PYTHONPATH} /usr/bin/cmake --build /home/ayasx9/arl_workshop/turtle_proj1/build/my_launch_pkg -- -j12 -l12
[0.390s] Invoked command in '/home/ayasx9/arl_workshop/turtle_proj1/build/my_launch_pkg' returned '0': AMENT_PREFIX_PATH=/home/ayasx9/arl_workshop/turtle_proj1/install/project_nodes:/home/ayasx9/arl_workshop/turtle_proj1/install/my_launch_pkg:/home/ayasx9/ros2_proj1/install/my_turtle_proj:/opt/ros/humble CMAKE_PREFIX_PATH=${CMAKE_PREFIX_PATH}:/home/ayasx9/arl_workshop/turtle_proj1/install/project_nodes:/home/ayasx9/ros2_proj1/install/my_turtle_proj:/opt/ros/humble PYTHONPATH=/home/ayasx9/arl_workshop/turtle_proj1/build/project_nodes:${PYTHONPATH} /usr/bin/cmake --build /home/ayasx9/arl_workshop/turtle_proj1/build/my_launch_pkg -- -j12 -l12
[0.396s] Invoking command in '/home/ayasx9/arl_workshop/turtle_proj1/build/my_launch_pkg': AMENT_PREFIX_PATH=/home/ayasx9/arl_workshop/turtle_proj1/install/project_nodes:/home/ayasx9/arl_workshop/turtle_proj1/install/my_launch_pkg:/home/ayasx9/ros2_proj1/install/my_turtle_proj:/opt/ros/humble CMAKE_PREFIX_PATH=${CMAKE_PREFIX_PATH}:/home/ayasx9/arl_workshop/turtle_proj1/install/project_nodes:/home/ayasx9/ros2_proj1/install/my_turtle_proj:/opt/ros/humble PYTHONPATH=/home/ayasx9/arl_workshop/turtle_proj1/build/project_nodes:${PYTHONPATH} /usr/bin/cmake --install /home/ayasx9/arl_workshop/turtle_proj1/build/my_launch_pkg
[0.400s] -- Install configuration: ""
[0.400s] -- Execute custom install script
[0.401s] -- Symlinking: /home/ayasx9/arl_workshop/turtle_proj1/install/my_launch_pkg/share/my_launch_pkg//launch/launch_script.py
[0.406s] -- Symlinking: /home/ayasx9/arl_workshop/turtle_proj1/install/my_launch_pkg/share/ament_index/resource_index/package_run_dependencies/my_launch_pkg
[0.412s] -- Symlinking: /home/ayasx9/arl_workshop/turtle_proj1/install/my_launch_pkg/share/ament_index/resource_index/parent_prefix_path/my_launch_pkg
[0.417s] -- Symlinking: /home/ayasx9/arl_workshop/turtle_proj1/install/my_launch_pkg/share/my_launch_pkg/environment/ament_prefix_path.sh
[0.422s] -- Symlinking: /home/ayasx9/arl_workshop/turtle_proj1/install/my_launch_pkg/share/my_launch_pkg/environment/ament_prefix_path.dsv
[0.427s] -- Symlinking: /home/ayasx9/arl_workshop/turtle_proj1/install/my_launch_pkg/share/my_launch_pkg/environment/path.sh
[0.431s] -- Symlinking: /home/ayasx9/arl_workshop/turtle_proj1/install/my_launch_pkg/share/my_launch_pkg/environment/path.dsv
[0.436s] -- Symlinking: /home/ayasx9/arl_workshop/turtle_proj1/install/my_launch_pkg/share/my_launch_pkg/local_setup.bash
[0.441s] -- Symlinking: /home/ayasx9/arl_workshop/turtle_proj1/install/my_launch_pkg/share/my_launch_pkg/local_setup.sh
[0.446s] -- Symlinking: /home/ayasx9/arl_workshop/turtle_proj1/install/my_launch_pkg/share/my_launch_pkg/local_setup.zsh
[0.452s] -- Symlinking: /home/ayasx9/arl_workshop/turtle_proj1/install/my_launch_pkg/share/my_launch_pkg/local_setup.dsv
[0.458s] -- Symlinking: /home/ayasx9/arl_workshop/turtle_proj1/install/my_launch_pkg/share/my_launch_pkg/package.dsv
[0.464s] -- Symlinking: /home/ayasx9/arl_workshop/turtle_proj1/install/my_launch_pkg/share/ament_index/resource_index/packages/my_launch_pkg
[0.471s] -- Symlinking: /home/ayasx9/arl_workshop/turtle_proj1/install/my_launch_pkg/share/my_launch_pkg/cmake/my_launch_pkgConfig.cmake
[0.477s] -- Symlinking: /home/ayasx9/arl_workshop/turtle_proj1/install/my_launch_pkg/share/my_launch_pkg/cmake/my_launch_pkgConfig-version.cmake
[0.483s] -- Symlinking: /home/ayasx9/arl_workshop/turtle_proj1/install/my_launch_pkg/share/my_launch_pkg/package.xml
[0.490s] Invoked command in '/home/ayasx9/arl_workshop/turtle_proj1/build/my_launch_pkg' returned '0': AMENT_PREFIX_PATH=/home/ayasx9/arl_workshop/turtle_proj1/install/project_nodes:/home/ayasx9/arl_workshop/turtle_proj1/install/my_launch_pkg:/home/ayasx9/ros2_proj1/install/my_turtle_proj:/opt/ros/humble CMAKE_PREFIX_PATH=${CMAKE_PREFIX_PATH}:/home/ayasx9/arl_workshop/turtle_proj1/install/project_nodes:/home/ayasx9/ros2_proj1/install/my_turtle_proj:/opt/ros/humble PYTHONPATH=/home/ayasx9/arl_workshop/turtle_proj1/build/project_nodes:${PYTHONPATH} /usr/bin/cmake --install /home/ayasx9/arl_workshop/turtle_proj1/build/my_launch_pkg
