[0.159s] Invoking command in '/home/ayasx9/arl_workshop/turtle_proj1/build/my_launch_pkg': CMAKE_PREFIX_PATH=/home/ayasx9/arl_workshop/turtle_proj1/install/project_nodes:/home/ayasx9/ros2_proj1/install/my_turtle_proj:/opt/ros/humble PYTHONPATH=/home/ayasx9/arl_workshop/turtle_proj1/install/project_nodes/lib/python3.10/site-packages:/home/ayasx9/arl_workshop/turtle_proj1/build/project_nodes:/home/ayasx9/ros2_proj1/build/my_turtle_proj:/home/ayasx9/ros2_proj1/install/my_turtle_proj/lib/python3.10/site-packages:/opt/ros/humble/lib/python3.10/site-packages:/opt/ros/humble/local/lib/python3.10/dist-packages /usr/bin/cmake /home/ayasx9/arl_workshop/turtle_proj1/src/my_launch_pkg -DCMAKE_INSTALL_PREFIX=/home/ayasx9/arl_workshop/turtle_proj1/install/my_launch_pkg
[0.393s] -- The C compiler identification is GNU 11.4.0
[0.877s] -- The CXX compiler identification is GNU 11.4.0
[1.132s] -- Detecting C compiler ABI info
[1.233s] -- Detecting C compiler ABI info - done
[1.237s] -- Check for working C compiler: /usr/bin/cc - skipped
[1.239s] -- Detecting C compile features
[1.240s] -- Detecting C compile features - done
[1.243s] -- Detecting CXX compiler ABI info
[1.344s] -- Detecting CXX compiler ABI info - done
[1.348s] -- Check for working CXX compiler: /usr/bin/c++ - skipped
[1.349s] -- Detecting CXX compile features
[1.349s] -- Detecting CXX compile features - done
[1.359s] -- Found ament_cmake: 1.3.12 (/opt/ros/humble/share/ament_cmake/cmake)
[1.458s] -- Found Python3: /usr/bin/python3 (found version "3.10.12") found components: Interpreter 
[1.530s] -- Found ament_lint_auto: 0.12.14 (/opt/ros/humble/share/ament_lint_auto/cmake)
[1.585s] -- Added test 'flake8' to check Python code syntax and style conventions
[1.585s] -- Added test 'lint_cmake' to check CMake code style
[1.586s] -- Added test 'pep257' to check Python code against some of the docstring style conventions in PEP 257
[1.587s] -- Added test 'xmllint' to check XML markup files
[1.588s] -- Configuring done
[1.590s] -- Generating done
[1.592s] -- Build files have been written to: /home/ayasx9/arl_workshop/turtle_proj1/build/my_launch_pkg
[1.595s] Invoked command in '/home/ayasx9/arl_workshop/turtle_proj1/build/my_launch_pkg' returned '0': CMAKE_PREFIX_PATH=/home/ayasx9/arl_workshop/turtle_proj1/install/project_nodes:/home/ayasx9/ros2_proj1/install/my_turtle_proj:/opt/ros/humble PYTHONPATH=/home/ayasx9/arl_workshop/turtle_proj1/install/project_nodes/lib/python3.10/site-packages:/home/ayasx9/arl_workshop/turtle_proj1/build/project_nodes:/home/ayasx9/ros2_proj1/build/my_turtle_proj:/home/ayasx9/ros2_proj1/install/my_turtle_proj/lib/python3.10/site-packages:/opt/ros/humble/lib/python3.10/site-packages:/opt/ros/humble/local/lib/python3.10/dist-packages /usr/bin/cmake /home/ayasx9/arl_workshop/turtle_proj1/src/my_launch_pkg -DCMAKE_INSTALL_PREFIX=/home/ayasx9/arl_workshop/turtle_proj1/install/my_launch_pkg
[1.596s] Invoking command in '/home/ayasx9/arl_workshop/turtle_proj1/build/my_launch_pkg': CMAKE_PREFIX_PATH=/home/ayasx9/arl_workshop/turtle_proj1/install/project_nodes:/home/ayasx9/ros2_proj1/install/my_turtle_proj:/opt/ros/humble PYTHONPATH=/home/ayasx9/arl_workshop/turtle_proj1/install/project_nodes/lib/python3.10/site-packages:/home/ayasx9/arl_workshop/turtle_proj1/build/project_nodes:/home/ayasx9/ros2_proj1/build/my_turtle_proj:/home/ayasx9/ros2_proj1/install/my_turtle_proj/lib/python3.10/site-packages:/opt/ros/humble/lib/python3.10/site-packages:/opt/ros/humble/local/lib/python3.10/dist-packages /usr/bin/cmake --build /home/ayasx9/arl_workshop/turtle_proj1/build/my_launch_pkg -- -j12 -l12
[1.618s] Invoked command in '/home/ayasx9/arl_workshop/turtle_proj1/build/my_launch_pkg' returned '0': CMAKE_PREFIX_PATH=/home/ayasx9/arl_workshop/turtle_proj1/install/project_nodes:/home/ayasx9/ros2_proj1/install/my_turtle_proj:/opt/ros/humble PYTHONPATH=/home/ayasx9/arl_workshop/turtle_proj1/install/project_nodes/lib/python3.10/site-packages:/home/ayasx9/arl_workshop/turtle_proj1/build/project_nodes:/home/ayasx9/ros2_proj1/build/my_turtle_proj:/home/ayasx9/ros2_proj1/install/my_turtle_proj/lib/python3.10/site-packages:/opt/ros/humble/lib/python3.10/site-packages:/opt/ros/humble/local/lib/python3.10/dist-packages /usr/bin/cmake --build /home/ayasx9/arl_workshop/turtle_proj1/build/my_launch_pkg -- -j12 -l12
[1.624s] Invoking command in '/home/ayasx9/arl_workshop/turtle_proj1/build/my_launch_pkg': CMAKE_PREFIX_PATH=/home/ayasx9/arl_workshop/turtle_proj1/install/project_nodes:/home/ayasx9/ros2_proj1/install/my_turtle_proj:/opt/ros/humble PYTHONPATH=/home/ayasx9/arl_workshop/turtle_proj1/install/project_nodes/lib/python3.10/site-packages:/home/ayasx9/arl_workshop/turtle_proj1/build/project_nodes:/home/ayasx9/ros2_proj1/build/my_turtle_proj:/home/ayasx9/ros2_proj1/install/my_turtle_proj/lib/python3.10/site-packages:/opt/ros/humble/lib/python3.10/site-packages:/opt/ros/humble/local/lib/python3.10/dist-packages /usr/bin/cmake --install /home/ayasx9/arl_workshop/turtle_proj1/build/my_launch_pkg
[1.629s] -- Install configuration: ""
[1.629s] -- Installing: /home/ayasx9/arl_workshop/turtle_proj1/install/my_launch_pkg/share/my_launch_pkg//launch
[1.630s] -- Installing: /home/ayasx9/arl_workshop/turtle_proj1/install/my_launch_pkg/share/my_launch_pkg//launch/launch_script.py
[1.630s] -- Installing: /home/ayasx9/arl_workshop/turtle_proj1/install/my_launch_pkg/share/ament_index/resource_index/package_run_dependencies/my_launch_pkg
[1.630s] -- Installing: /home/ayasx9/arl_workshop/turtle_proj1/install/my_launch_pkg/share/ament_index/resource_index/parent_prefix_path/my_launch_pkg
[1.631s] -- Installing: /home/ayasx9/arl_workshop/turtle_proj1/install/my_launch_pkg/share/my_launch_pkg/environment/ament_prefix_path.sh
[1.631s] -- Installing: /home/ayasx9/arl_workshop/turtle_proj1/install/my_launch_pkg/share/my_launch_pkg/environment/ament_prefix_path.dsv
[1.631s] -- Installing: /home/ayasx9/arl_workshop/turtle_proj1/install/my_launch_pkg/share/my_launch_pkg/environment/path.sh
[1.631s] -- Installing: /home/ayasx9/arl_workshop/turtle_proj1/install/my_launch_pkg/share/my_launch_pkg/environment/path.dsv
[1.631s] -- Installing: /home/ayasx9/arl_workshop/turtle_proj1/install/my_launch_pkg/share/my_launch_pkg/local_setup.bash
[1.632s] -- Installing: /home/ayasx9/arl_workshop/turtle_proj1/install/my_launch_pkg/share/my_launch_pkg/local_setup.sh
[1.632s] -- Installing: /home/ayasx9/arl_workshop/turtle_proj1/install/my_launch_pkg/share/my_launch_pkg/local_setup.zsh
[1.632s] -- Installing: /home/ayasx9/arl_workshop/turtle_proj1/install/my_launch_pkg/share/my_launch_pkg/local_setup.dsv
[1.632s] -- Installing: /home/ayasx9/arl_workshop/turtle_proj1/install/my_launch_pkg/share/my_launch_pkg/package.dsv
[1.632s] -- Installing: /home/ayasx9/arl_workshop/turtle_proj1/install/my_launch_pkg/share/ament_index/resource_index/packages/my_launch_pkg
[1.632s] -- Installing: /home/ayasx9/arl_workshop/turtle_proj1/install/my_launch_pkg/share/my_launch_pkg/cmake/my_launch_pkgConfig.cmake
[1.632s] -- Installing: /home/ayasx9/arl_workshop/turtle_proj1/install/my_launch_pkg/share/my_launch_pkg/cmake/my_launch_pkgConfig-version.cmake
[1.633s] -- Installing: /home/ayasx9/arl_workshop/turtle_proj1/install/my_launch_pkg/share/my_launch_pkg/package.xml
[1.634s] Invoked command in '/home/ayasx9/arl_workshop/turtle_proj1/build/my_launch_pkg' returned '0': CMAKE_PREFIX_PATH=/home/ayasx9/arl_workshop/turtle_proj1/install/project_nodes:/home/ayasx9/ros2_proj1/install/my_turtle_proj:/opt/ros/humble PYTHONPATH=/home/ayasx9/arl_workshop/turtle_proj1/install/project_nodes/lib/python3.10/site-packages:/home/ayasx9/arl_workshop/turtle_proj1/build/project_nodes:/home/ayasx9/ros2_proj1/build/my_turtle_proj:/home/ayasx9/ros2_proj1/install/my_turtle_proj/lib/python3.10/site-packages:/opt/ros/humble/lib/python3.10/site-packages:/opt/ros/humble/local/lib/python3.10/dist-packages /usr/bin/cmake --install /home/ayasx9/arl_workshop/turtle_proj1/build/my_launch_pkg
